<?xml version="1.0" encoding="UTF-8"?>
<!-- Generated by org.testng.reporters.JUnitXMLReporter -->
<testsuite hostname="Ashok" ignored="0" name="BLMO_Test" tests="4" failures="2" timestamp="24 Oct 2019 08:57:55 GMT" time="67.841" errors="0">
  <testcase name="test_createProfileAdministrator" time="3.555" classname="com.PGAD.QA.AdministratorTestCases.CreateAdministratorProfile">
    <failure type="org.openqa.selenium.ElementClickInterceptedException" message="element click intercepted: Element &amp;lt;span style=&amp;quot;display:inline-block;background-size:100% 100%;background-image:url(&amp;amp;quot;http://192.168.1.154:8989/linkmanager/linkmanager/sc/skins/EnterpriseBlue/images/DynamicForm/unchecked.png&amp;amp;quot;);width:13px;height:13px;vertical-align:middle;margin-right:2px&amp;quot; id=&amp;quot;isc_7Fextra_icon_1&amp;quot;&amp;gt;&amp;lt;/span&amp;gt; is not clickable at point (519, 201). Other element would receive the click: &amp;lt;span style=&amp;quot;display:inline-block;background-size:100% 100%;background-image:url(&amp;amp;quot;http://192.168.1.154:8989/linkmanager/linkmanager/sc/skins/EnterpriseBlue/images/blank.gif&amp;amp;quot;);width:3200px;height:2400px;vertical-align:text-top&amp;quot;&amp;gt;&amp;lt;/span&amp;gt;
  (Session info: chrome=77.0.3865.120)
Build info: version: &amp;apos;3.141.59&amp;apos;, revision: &amp;apos;e82be7d358&amp;apos;, time: &amp;apos;2018-11-14T08:17:03&amp;apos;
System info: host: &amp;apos;ASHOK&amp;apos;, ip: &amp;apos;192.168.1.198&amp;apos;, os.name: &amp;apos;Windows 10&amp;apos;, os.arch: &amp;apos;amd64&amp;apos;, os.version: &amp;apos;10.0&amp;apos;, java.version: &amp;apos;1.8.0_221&amp;apos;
Driver info: org.openqa.selenium.chrome.ChromeDriver
Capabilities {acceptInsecureCerts: false, browserName: chrome, browserVersion: 77.0.3865.120, chrome: {chromedriverVersion: 77.0.3865.40 (f484704e052e0..., userDataDir: C:\Users\Ashok\AppData\Loca...}, goog:chromeOptions: {debuggerAddress: localhost:52508}, javascriptEnabled: true, networkConnectionEnabled: false, pageLoadStrategy: normal, platform: XP, platformName: XP, proxy: Proxy(), setWindowRect: true, strictFileInteractability: false, timeouts: {implicit: 0, pageLoad: 300000, script: 30000}, unhandledPromptBehavior: dismiss and notify}
Session ID: 91b5484e079e44352e0e40088c67264d">
      <![CDATA[org.openqa.selenium.ElementClickInterceptedException: element click intercepted: Element <span style="display:inline-block;background-size:100% 100%;background-image:url(&quot;http://192.168.1.154:8989/linkmanager/linkmanager/sc/skins/EnterpriseBlue/images/DynamicForm/unchecked.png&quot;);width:13px;height:13px;vertical-align:middle;margin-right:2px" id="isc_7Fextra_icon_1"></span> is not clickable at point (519, 201). Other element would receive the click: <span style="display:inline-block;background-size:100% 100%;background-image:url(&quot;http://192.168.1.154:8989/linkmanager/linkmanager/sc/skins/EnterpriseBlue/images/blank.gif&quot;);width:3200px;height:2400px;vertical-align:text-top"></span>
  (Session info: chrome=77.0.3865.120)
Build info: version: '3.141.59', revision: 'e82be7d358', time: '2018-11-14T08:17:03'
System info: host: 'ASHOK', ip: '192.168.1.198', os.name: 'Windows 10', os.arch: 'amd64', os.version: '10.0', java.version: '1.8.0_221'
Driver info: org.openqa.selenium.chrome.ChromeDriver
Capabilities {acceptInsecureCerts: false, browserName: chrome, browserVersion: 77.0.3865.120, chrome: {chromedriverVersion: 77.0.3865.40 (f484704e052e0..., userDataDir: C:\Users\Ashok\AppData\Loca...}, goog:chromeOptions: {debuggerAddress: localhost:52508}, javascriptEnabled: true, networkConnectionEnabled: false, pageLoadStrategy: normal, platform: XP, platformName: XP, proxy: Proxy(), setWindowRect: true, strictFileInteractability: false, timeouts: {implicit: 0, pageLoad: 300000, script: 30000}, unhandledPromptBehavior: dismiss and notify}
Session ID: 91b5484e079e44352e0e40088c67264d
at org.openqa.selenium.remote.http.W3CHttpResponseCodec.createException(W3CHttpResponseCodec.java:187)
at org.openqa.selenium.remote.http.W3CHttpResponseCodec.decode(W3CHttpResponseCodec.java:122)
at org.openqa.selenium.remote.http.W3CHttpResponseCodec.decode(W3CHttpResponseCodec.java:49)
at org.openqa.selenium.remote.HttpCommandExecutor.execute(HttpCommandExecutor.java:158)
at org.openqa.selenium.remote.service.DriverCommandExecutor.execute(DriverCommandExecutor.java:83)
at org.openqa.selenium.remote.RemoteWebDriver.execute(RemoteWebDriver.java:552)
at org.openqa.selenium.remote.RemoteWebElement.execute(RemoteWebElement.java:285)
at org.openqa.selenium.remote.RemoteWebElement.click(RemoteWebElement.java:84)
at com.PGAD.QA.BaseClass.BasePage.doClick(BasePage.java:23)
at com.PGAD.QA.AdministratorPages.SecurityPage.selectAdminModules(SecurityPage.java:161)
at com.PGAD.QA.AdministratorPages.SecurityPage.creationAdministratorProfile(SecurityPage.java:124)
at com.PGAD.QA.AdministratorTestCases.CreateAdministratorProfile.test_createProfileAdministrator(CreateAdministratorProfile.java:20)
... Removed 29 stack frames]]>
    </failure>
  </testcase> <!-- test_createProfileAdministrator -->
  <testcase name="test_createNetworkBuilderProfile" time="4.461" classname="com.PGAD.QA.AdministratorTestCases.CreateNetworkBuilderProfile"/>
  <testcase name="test_createProvisionerProfile" time="32.813" classname="com.PGAD.QA.AdministratorTestCases.CreateProvisionerProfile">
    <failure type="org.openqa.selenium.NoSuchElementException" message="no such element: Unable to locate element: {&amp;quot;method&amp;quot;:&amp;quot;xpath&amp;quot;,&amp;quot;selector&amp;quot;:&amp;quot;//td[@class=&amp;apos;treeCell&amp;apos;][contains(text(),&amp;apos;Assurance&amp;apos;)]/../..//td/nobr/span[2]&amp;quot;}
  (Session info: chrome=77.0.3865.120)
For documentation on this error, please visit: https://www.seleniumhq.org/exceptions/no_such_element.html
Build info: version: &amp;apos;3.141.59&amp;apos;, revision: &amp;apos;e82be7d358&amp;apos;, time: &amp;apos;2018-11-14T08:17:03&amp;apos;
System info: host: &amp;apos;ASHOK&amp;apos;, ip: &amp;apos;192.168.1.198&amp;apos;, os.name: &amp;apos;Windows 10&amp;apos;, os.arch: &amp;apos;amd64&amp;apos;, os.version: &amp;apos;10.0&amp;apos;, java.version: &amp;apos;1.8.0_221&amp;apos;
Driver info: org.openqa.selenium.chrome.ChromeDriver
Capabilities {acceptInsecureCerts: false, browserName: chrome, browserVersion: 77.0.3865.120, chrome: {chromedriverVersion: 77.0.3865.40 (f484704e052e0..., userDataDir: C:\Users\Ashok\AppData\Loca...}, goog:chromeOptions: {debuggerAddress: localhost:52582}, javascriptEnabled: true, networkConnectionEnabled: false, pageLoadStrategy: normal, platform: XP, platformName: XP, proxy: Proxy(), setWindowRect: true, strictFileInteractability: false, timeouts: {implicit: 0, pageLoad: 300000, script: 30000}, unhandledPromptBehavior: dismiss and notify}
Session ID: d3d79097c0592a1de1f3c0b5994ca751
*** Element info: {Using=xpath, value=//td[@class=&amp;apos;treeCell&amp;apos;][contains(text(),&amp;apos;Assurance&amp;apos;)]/../..//td/nobr/span[2]}">
      <![CDATA[org.openqa.selenium.NoSuchElementException: no such element: Unable to locate element: {"method":"xpath","selector":"//td[@class='treeCell'][contains(text(),'Assurance')]/../..//td/nobr/span[2]"}
  (Session info: chrome=77.0.3865.120)
For documentation on this error, please visit: https://www.seleniumhq.org/exceptions/no_such_element.html
Build info: version: '3.141.59', revision: 'e82be7d358', time: '2018-11-14T08:17:03'
System info: host: 'ASHOK', ip: '192.168.1.198', os.name: 'Windows 10', os.arch: 'amd64', os.version: '10.0', java.version: '1.8.0_221'
Driver info: org.openqa.selenium.chrome.ChromeDriver
Capabilities {acceptInsecureCerts: false, browserName: chrome, browserVersion: 77.0.3865.120, chrome: {chromedriverVersion: 77.0.3865.40 (f484704e052e0..., userDataDir: C:\Users\Ashok\AppData\Loca...}, goog:chromeOptions: {debuggerAddress: localhost:52582}, javascriptEnabled: true, networkConnectionEnabled: false, pageLoadStrategy: normal, platform: XP, platformName: XP, proxy: Proxy(), setWindowRect: true, strictFileInteractability: false, timeouts: {implicit: 0, pageLoad: 300000, script: 30000}, unhandledPromptBehavior: dismiss and notify}
Session ID: d3d79097c0592a1de1f3c0b5994ca751
*** Element info: {Using=xpath, value=//td[@class='treeCell'][contains(text(),'Assurance')]/../..//td/nobr/span[2]}
at org.openqa.selenium.remote.http.W3CHttpResponseCodec.createException(W3CHttpResponseCodec.java:187)
at org.openqa.selenium.remote.http.W3CHttpResponseCodec.decode(W3CHttpResponseCodec.java:122)
at org.openqa.selenium.remote.http.W3CHttpResponseCodec.decode(W3CHttpResponseCodec.java:49)
at org.openqa.selenium.remote.HttpCommandExecutor.execute(HttpCommandExecutor.java:158)
at org.openqa.selenium.remote.service.DriverCommandExecutor.execute(DriverCommandExecutor.java:83)
at org.openqa.selenium.remote.RemoteWebDriver.execute(RemoteWebDriver.java:552)
at org.openqa.selenium.remote.RemoteWebDriver.findElement(RemoteWebDriver.java:323)
at org.openqa.selenium.remote.RemoteWebDriver.findElementByXPath(RemoteWebDriver.java:428)
at org.openqa.selenium.By$ByXPath.findElement(By.java:353)
at org.openqa.selenium.remote.RemoteWebDriver.findElement(RemoteWebDriver.java:315)
at com.PGAD.QA.BaseClass.BasePage.doClick(BasePage.java:23)
at com.PGAD.QA.AdministratorPages.SecurityPage.selectProvisionerModules(SecurityPage.java:212)
at com.PGAD.QA.AdministratorPages.SecurityPage.createProvisionerProfile(SecurityPage.java:139)
at com.PGAD.QA.AdministratorTestCases.CreateProvisionerProfile.test_createProvisionerProfile(CreateProvisionerProfile.java:19)
... Removed 29 stack frames]]>
    </failure>
  </testcase> <!-- test_createProvisionerProfile -->
  <testcase name="test_createUser" time="4.223" classname="com.PGAD.QA.AdministratorTestCases.CreateRegionalUser"/>
</testsuite> <!-- BLMO_Test -->
